utils.py [LINE:90]# DEBUG [2016-10-04 14:45:31,249] (0.002) 
            SELECT c.relname, c.relkind
            FROM pg_catalog.pg_class c
            LEFT JOIN pg_catalog.pg_namespace n ON n.oid = c.relnamespace
            WHERE c.relkind IN ('r', 'v')
                AND n.nspname NOT IN ('pg_catalog', 'pg_toast')
                AND pg_catalog.pg_table_is_visible(c.oid); args=None
utils.py [LINE:90]# DEBUG [2016-10-04 14:45:31,256] (0.001) SELECT "django_migrations"."app", "django_migrations"."name" FROM "django_migrations"; args=()
utils.py [LINE:90]# DEBUG [2016-10-04 14:45:49,389] (0.002) SELECT "django_session"."session_key", "django_session"."session_data", "django_session"."expire_date" FROM "django_session" WHERE ("django_session"."session_key" = 'ec3uacgc0x2b41yqny53szu0pnmx1xt0' AND "django_session"."expire_date" > '2016-10-04T11:45:49.372342+00:00'::timestamptz); args=('ec3uacgc0x2b41yqny53szu0pnmx1xt0', datetime.datetime(2016, 10, 4, 11, 45, 49, 372342, tzinfo=<UTC>))
utils.py [LINE:90]# DEBUG [2016-10-04 14:45:49,396] (0.001) SELECT "auth_user"."id", "auth_user"."password", "auth_user"."last_login", "auth_user"."is_superuser", "auth_user"."username", "auth_user"."first_name", "auth_user"."last_name", "auth_user"."email", "auth_user"."is_staff", "auth_user"."is_active", "auth_user"."date_joined" FROM "auth_user" WHERE "auth_user"."id" = 1; args=(1,)
utils.py [LINE:90]# DEBUG [2016-10-04 14:45:49,411] (0.001) SELECT "finder_query"."id", "finder_query"."query", "finder_query"."author_id", "finder_query"."status" FROM "finder_query" WHERE ("finder_query"."author_id" = 1 AND "finder_query"."status" = 1) ORDER BY "finder_query"."query" ASC; args=(1, 1)
basehttp.py [LINE:131]# INFO [2016-10-04 14:45:49,425] "GET /api/query/?status=1 HTTP/1.1" 200 1070
utils.py [LINE:90]# DEBUG [2016-10-04 14:45:56,175] (0.001) SELECT "django_session"."session_key", "django_session"."session_data", "django_session"."expire_date" FROM "django_session" WHERE ("django_session"."session_key" = 'ec3uacgc0x2b41yqny53szu0pnmx1xt0' AND "django_session"."expire_date" > '2016-10-04T11:45:56.168402+00:00'::timestamptz); args=('ec3uacgc0x2b41yqny53szu0pnmx1xt0', datetime.datetime(2016, 10, 4, 11, 45, 56, 168402, tzinfo=<UTC>))
utils.py [LINE:90]# DEBUG [2016-10-04 14:45:56,185] (0.003) SELECT "auth_user"."id", "auth_user"."password", "auth_user"."last_login", "auth_user"."is_superuser", "auth_user"."username", "auth_user"."first_name", "auth_user"."last_name", "auth_user"."email", "auth_user"."is_staff", "auth_user"."is_active", "auth_user"."date_joined" FROM "auth_user" WHERE "auth_user"."id" = 1; args=(1,)
basehttp.py [LINE:131]# INFO [2016-10-04 14:45:56,276] "GET / HTTP/1.1" 200 2907
basehttp.py [LINE:131]# INFO [2016-10-04 14:45:56,368] "GET /static/css/bootstrap.css HTTP/1.1" 200 126423
basehttp.py [LINE:131]# INFO [2016-10-04 14:45:56,435] "GET /static/css/main.css HTTP/1.1" 200 4894
basehttp.py [LINE:131]# INFO [2016-10-04 14:45:56,468] "GET /static/js/bower_components/angular/angular.min.js HTTP/1.1" 200 160048
basehttp.py [LINE:131]# INFO [2016-10-04 14:45:56,470] "GET /static/css/font-awesome.min.css HTTP/1.1" 200 18079
basehttp.py [LINE:131]# INFO [2016-10-04 14:45:56,484] "GET /static/js/bower_components/angular-route/angular-route.min.js HTTP/1.1" 200 4766
basehttp.py [LINE:131]# INFO [2016-10-04 14:45:56,505] "GET /static/js/bower_components/angular-resource/angular-resource.min.js HTTP/1.1" 200 4510
basehttp.py [LINE:131]# INFO [2016-10-04 14:45:56,519] "GET /static/js/app.module.js HTTP/1.1" 200 75
basehttp.py [LINE:131]# INFO [2016-10-04 14:45:56,524] "GET /static/js/MakeQueryController.js HTTP/1.1" 200 1434
basehttp.py [LINE:131]# INFO [2016-10-04 14:45:56,532] "GET /static/js/app.config.js HTTP/1.1" 200 577
basehttp.py [LINE:131]# INFO [2016-10-04 14:45:56,543] "GET /static/js/links-list/links-list.component.js HTTP/1.1" 200 280
basehttp.py [LINE:131]# INFO [2016-10-04 14:45:56,574] "GET /static/js/link-detail/filter.js HTTP/1.1" 200 209
basehttp.py [LINE:131]# INFO [2016-10-04 14:45:56,654] "GET /static/js/services/services.module.js HTTP/1.1" 200 93
basehttp.py [LINE:131]# INFO [2016-10-04 14:45:56,665] "GET /static/js/link-detail/link-detail.component.js HTTP/1.1" 200 1783
basehttp.py [LINE:131]# INFO [2016-10-04 14:45:56,676] "GET /static/js/services/LinkService/DataService.js HTTP/1.1" 200 650
basehttp.py [LINE:131]# INFO [2016-10-04 14:45:56,686] "GET /static/js/clientPart.js HTTP/1.1" 200 938
basehttp.py [LINE:131]# INFO [2016-10-04 14:45:56,740] "GET /static/logo.png HTTP/1.1" 200 95548
basehttp.py [LINE:131]# INFO [2016-10-04 14:45:57,087] "GET /static/js/links-list/links-list.template.html HTTP/1.1" 200 409
basehttp.py [LINE:131]# INFO [2016-10-04 14:45:57,209] "GET /static/js/bower_components/angular/angular.min.js.map HTTP/1.1" 200 430959
basehttp.py [LINE:131]# INFO [2016-10-04 14:45:57,238] "GET /static/js/bower_components/angular-route/angular-route.min.js.map HTTP/1.1" 200 12216
basehttp.py [LINE:131]# INFO [2016-10-04 14:45:57,239] "GET /static/js/bower_components/angular-resource/angular-resource.min.js.map HTTP/1.1" 200 11015
utils.py [LINE:90]# DEBUG [2016-10-04 14:45:57,282] (0.002) SELECT "django_session"."session_key", "django_session"."session_data", "django_session"."expire_date" FROM "django_session" WHERE ("django_session"."session_key" = 'ec3uacgc0x2b41yqny53szu0pnmx1xt0' AND "django_session"."expire_date" > '2016-10-04T11:45:57.274269+00:00'::timestamptz); args=('ec3uacgc0x2b41yqny53szu0pnmx1xt0', datetime.datetime(2016, 10, 4, 11, 45, 57, 274269, tzinfo=<UTC>))
utils.py [LINE:90]# DEBUG [2016-10-04 14:45:57,292] (0.001) SELECT "auth_user"."id", "auth_user"."password", "auth_user"."last_login", "auth_user"."is_superuser", "auth_user"."username", "auth_user"."first_name", "auth_user"."last_name", "auth_user"."email", "auth_user"."is_staff", "auth_user"."is_active", "auth_user"."date_joined" FROM "auth_user" WHERE "auth_user"."id" = 1; args=(1,)
utils.py [LINE:90]# DEBUG [2016-10-04 14:45:57,308] (0.001) SELECT "finder_query"."id", "finder_query"."query", "finder_query"."author_id", "finder_query"."status" FROM "finder_query" WHERE ("finder_query"."author_id" = 1 AND "finder_query"."status" = 1) ORDER BY "finder_query"."query" ASC; args=(1, 1)
basehttp.py [LINE:131]# INFO [2016-10-04 14:45:57,342] "GET /api/query/?status=1 HTTP/1.1" 200 1070
basehttp.py [LINE:131]# INFO [2016-10-04 14:46:01,544] "GET /static/js/link-detail/link-detail.template.html HTTP/1.1" 200 1051
utils.py [LINE:90]# DEBUG [2016-10-04 14:46:01,623] (0.001) SELECT "django_session"."session_key", "django_session"."session_data", "django_session"."expire_date" FROM "django_session" WHERE ("django_session"."session_key" = 'ec3uacgc0x2b41yqny53szu0pnmx1xt0' AND "django_session"."expire_date" > '2016-10-04T11:46:01.607991+00:00'::timestamptz); args=('ec3uacgc0x2b41yqny53szu0pnmx1xt0', datetime.datetime(2016, 10, 4, 11, 46, 1, 607991, tzinfo=<UTC>))
utils.py [LINE:90]# DEBUG [2016-10-04 14:46:01,627] (0.001) SELECT "auth_user"."id", "auth_user"."password", "auth_user"."last_login", "auth_user"."is_superuser", "auth_user"."username", "auth_user"."first_name", "auth_user"."last_name", "auth_user"."email", "auth_user"."is_staff", "auth_user"."is_active", "auth_user"."date_joined" FROM "auth_user" WHERE "auth_user"."id" = 1; args=(1,)
utils.py [LINE:90]# DEBUG [2016-10-04 14:46:01,639] (0.006) SELECT "django_session"."session_key", "django_session"."session_data", "django_session"."expire_date" FROM "django_session" WHERE ("django_session"."session_key" = 'ec3uacgc0x2b41yqny53szu0pnmx1xt0' AND "django_session"."expire_date" > '2016-10-04T11:46:01.615894+00:00'::timestamptz); args=('ec3uacgc0x2b41yqny53szu0pnmx1xt0', datetime.datetime(2016, 10, 4, 11, 46, 1, 615894, tzinfo=<UTC>))
utils.py [LINE:90]# DEBUG [2016-10-04 14:46:01,644] (0.004) SELECT "finder_result"."id", "finder_result"."query_id", "finder_result"."url", "finder_result"."spider", "finder_result"."date", "finder_result"."rang" FROM "finder_result" INNER JOIN "finder_query" ON ("finder_result"."query_id" = "finder_query"."id") WHERE "finder_query"."query" = 'русский язык' ORDER BY "finder_result"."rang" ASC; args=('русский язык',)
utils.py [LINE:90]# DEBUG [2016-10-04 14:46:01,649] (0.006) SELECT "auth_user"."id", "auth_user"."password", "auth_user"."last_login", "auth_user"."is_superuser", "auth_user"."username", "auth_user"."first_name", "auth_user"."last_name", "auth_user"."email", "auth_user"."is_staff", "auth_user"."is_active", "auth_user"."date_joined" FROM "auth_user" WHERE "auth_user"."id" = 1; args=(1,)
basehttp.py [LINE:131]# INFO [2016-10-04 14:46:01,668] "GET /%7B%7B%20item.url%20%7D%7D HTTP/1.1" 200 2907
basehttp.py [LINE:131]# INFO [2016-10-04 14:46:01,698] "GET /api/result/?query__query=%D1%80%D1%83%D1%81%D1%81%D0%BA%D0%B8%D0%B9+%D1%8F%D0%B7%D1%8B%D0%BA HTTP/1.1" 200 13016
basehttp.py [LINE:131]# INFO [2016-10-04 14:46:11,706] "GET /download/d18bf6aee794cb5152a58f98688f7f3eced1aff467244126e921b0bc HTTP/1.1" 200 100254
utils.py [LINE:90]# DEBUG [2016-10-04 14:46:21,834] (0.002) SELECT "django_session"."session_key", "django_session"."session_data", "django_session"."expire_date" FROM "django_session" WHERE ("django_session"."session_key" = 'ec3uacgc0x2b41yqny53szu0pnmx1xt0' AND "django_session"."expire_date" > '2016-10-04T11:46:21.820525+00:00'::timestamptz); args=('ec3uacgc0x2b41yqny53szu0pnmx1xt0', datetime.datetime(2016, 10, 4, 11, 46, 21, 820525, tzinfo=<UTC>))
utils.py [LINE:90]# DEBUG [2016-10-04 14:46:21,839] (0.001) SELECT "auth_user"."id", "auth_user"."password", "auth_user"."last_login", "auth_user"."is_superuser", "auth_user"."username", "auth_user"."first_name", "auth_user"."last_name", "auth_user"."email", "auth_user"."is_staff", "auth_user"."is_active", "auth_user"."date_joined" FROM "auth_user" WHERE "auth_user"."id" = 1; args=(1,)
utils.py [LINE:90]# DEBUG [2016-10-04 14:46:21,853] (0.001) SELECT "finder_query"."id", "finder_query"."query", "finder_query"."author_id", "finder_query"."status" FROM "finder_query" WHERE ("finder_query"."author_id" = 1 AND "finder_query"."status" = 1) ORDER BY "finder_query"."query" ASC; args=(1, 1)
basehttp.py [LINE:131]# INFO [2016-10-04 14:46:21,864] "GET /api/query/?status=1 HTTP/1.1" 200 1070
utils.py [LINE:90]# DEBUG [2016-10-04 14:48:19,869] (0.001) SELECT "django_session"."session_key", "django_session"."session_data", "django_session"."expire_date" FROM "django_session" WHERE ("django_session"."session_key" = 'ec3uacgc0x2b41yqny53szu0pnmx1xt0' AND "django_session"."expire_date" > '2016-10-04T11:48:19.860183+00:00'::timestamptz); args=('ec3uacgc0x2b41yqny53szu0pnmx1xt0', datetime.datetime(2016, 10, 4, 11, 48, 19, 860183, tzinfo=<UTC>))
utils.py [LINE:90]# DEBUG [2016-10-04 14:48:19,892] (0.004) SELECT "auth_user"."id", "auth_user"."password", "auth_user"."last_login", "auth_user"."is_superuser", "auth_user"."username", "auth_user"."first_name", "auth_user"."last_name", "auth_user"."email", "auth_user"."is_staff", "auth_user"."is_active", "auth_user"."date_joined" FROM "auth_user" WHERE "auth_user"."id" = 1; args=(1,)
basehttp.py [LINE:131]# INFO [2016-10-04 14:48:19,902] "GET / HTTP/1.1" 200 2907
basehttp.py [LINE:131]# INFO [2016-10-04 14:48:20,161] "GET /static/js/clientPart.js HTTP/1.1" 304 0
utils.py [LINE:90]# DEBUG [2016-10-04 14:48:20,587] (0.004) SELECT "django_session"."session_key", "django_session"."session_data", "django_session"."expire_date" FROM "django_session" WHERE ("django_session"."session_key" = 'ec3uacgc0x2b41yqny53szu0pnmx1xt0' AND "django_session"."expire_date" > '2016-10-04T11:48:20.571676+00:00'::timestamptz); args=('ec3uacgc0x2b41yqny53szu0pnmx1xt0', datetime.datetime(2016, 10, 4, 11, 48, 20, 571676, tzinfo=<UTC>))
utils.py [LINE:90]# DEBUG [2016-10-04 14:48:20,610] (0.013) SELECT "auth_user"."id", "auth_user"."password", "auth_user"."last_login", "auth_user"."is_superuser", "auth_user"."username", "auth_user"."first_name", "auth_user"."last_name", "auth_user"."email", "auth_user"."is_staff", "auth_user"."is_active", "auth_user"."date_joined" FROM "auth_user" WHERE "auth_user"."id" = 1; args=(1,)
utils.py [LINE:90]# DEBUG [2016-10-04 14:48:20,637] (0.001) SELECT "finder_query"."id", "finder_query"."query", "finder_query"."author_id", "finder_query"."status" FROM "finder_query" WHERE ("finder_query"."author_id" = 1 AND "finder_query"."status" = 1) ORDER BY "finder_query"."query" ASC; args=(1, 1)
basehttp.py [LINE:131]# INFO [2016-10-04 14:48:20,649] "GET /api/query/?status=1 HTTP/1.1" 200 1070
utils.py [LINE:90]# DEBUG [2016-10-04 14:48:41,834] (0.002) SELECT "django_session"."session_key", "django_session"."session_data", "django_session"."expire_date" FROM "django_session" WHERE ("django_session"."session_key" = 'ec3uacgc0x2b41yqny53szu0pnmx1xt0' AND "django_session"."expire_date" > '2016-10-04T11:48:41.823692+00:00'::timestamptz); args=('ec3uacgc0x2b41yqny53szu0pnmx1xt0', datetime.datetime(2016, 10, 4, 11, 48, 41, 823692, tzinfo=<UTC>))
utils.py [LINE:90]# DEBUG [2016-10-04 14:48:41,840] (0.001) SELECT "auth_user"."id", "auth_user"."password", "auth_user"."last_login", "auth_user"."is_superuser", "auth_user"."username", "auth_user"."first_name", "auth_user"."last_name", "auth_user"."email", "auth_user"."is_staff", "auth_user"."is_active", "auth_user"."date_joined" FROM "auth_user" WHERE "auth_user"."id" = 1; args=(1,)
utils.py [LINE:90]# DEBUG [2016-10-04 14:48:41,855] (0.001) SELECT "finder_query"."id", "finder_query"."query", "finder_query"."author_id", "finder_query"."status" FROM "finder_query" WHERE ("finder_query"."author_id" = 1 AND "finder_query"."status" = 1) ORDER BY "finder_query"."query" ASC; args=(1, 1)
basehttp.py [LINE:131]# INFO [2016-10-04 14:48:41,868] "GET /api/query/?status=1 HTTP/1.1" 200 1070
utils.py [LINE:90]# DEBUG [2016-10-04 14:48:42,008] (0.011) SELECT "django_session"."session_key", "django_session"."session_data", "django_session"."expire_date" FROM "django_session" WHERE ("django_session"."session_key" = 'ec3uacgc0x2b41yqny53szu0pnmx1xt0' AND "django_session"."expire_date" > '2016-10-04T11:48:41.987702+00:00'::timestamptz); args=('ec3uacgc0x2b41yqny53szu0pnmx1xt0', datetime.datetime(2016, 10, 4, 11, 48, 41, 987702, tzinfo=<UTC>))
utils.py [LINE:90]# DEBUG [2016-10-04 14:48:42,021] (0.001) SELECT "auth_user"."id", "auth_user"."password", "auth_user"."last_login", "auth_user"."is_superuser", "auth_user"."username", "auth_user"."first_name", "auth_user"."last_name", "auth_user"."email", "auth_user"."is_staff", "auth_user"."is_active", "auth_user"."date_joined" FROM "auth_user" WHERE "auth_user"."id" = 1; args=(1,)
utils.py [LINE:90]# DEBUG [2016-10-04 14:48:42,030] (0.002) SELECT "django_session"."session_key", "django_session"."session_data", "django_session"."expire_date" FROM "django_session" WHERE ("django_session"."session_key" = 'ec3uacgc0x2b41yqny53szu0pnmx1xt0' AND "django_session"."expire_date" > '2016-10-04T11:48:41.954763+00:00'::timestamptz); args=('ec3uacgc0x2b41yqny53szu0pnmx1xt0', datetime.datetime(2016, 10, 4, 11, 48, 41, 954763, tzinfo=<UTC>))
utils.py [LINE:90]# DEBUG [2016-10-04 14:48:42,047] (0.013) SELECT "auth_user"."id", "auth_user"."password", "auth_user"."last_login", "auth_user"."is_superuser", "auth_user"."username", "auth_user"."first_name", "auth_user"."last_name", "auth_user"."email", "auth_user"."is_staff", "auth_user"."is_active", "auth_user"."date_joined" FROM "auth_user" WHERE "auth_user"."id" = 1; args=(1,)
utils.py [LINE:90]# DEBUG [2016-10-04 14:48:42,069] (0.022) SELECT "finder_query"."id", "finder_query"."query", "finder_query"."author_id", "finder_query"."status" FROM "finder_query" WHERE ("finder_query"."author_id" = 1 AND "finder_query"."status" = 1) ORDER BY "finder_query"."query" ASC; args=(1, 1)
utils.py [LINE:90]# DEBUG [2016-10-04 14:48:42,074] (0.006) SELECT (1) AS "a" FROM "finder_query" WHERE "finder_query"."query" = 'message2' LIMIT 1; args=('message2',)
basehttp.py [LINE:131]# INFO [2016-10-04 14:48:42,099] "GET /api/query/?status=1 HTTP/1.1" 200 1070
 base.py [LINE:929]# DEBUG [2016-10-04 14:48:42,127] Exception while resolving variable 'name' in template 'rest_framework/login.html'.
Traceback (most recent call last):
  File "/home/user/PycharmProjects/Exam_task/django_part/.env/lib/python3.5/site-packages/django/template/base.py", line 885, in _resolve_lookup
    current = current[bit]
  File "/home/user/PycharmProjects/Exam_task/django_part/.env/lib/python3.5/site-packages/django/template/context.py", line 75, in __getitem__
    raise KeyError(key)
KeyError: 'name'

During handling of the above exception, another exception occurred:

Traceback (most recent call last):
  File "/home/user/PycharmProjects/Exam_task/django_part/.env/lib/python3.5/site-packages/django/template/base.py", line 891, in _resolve_lookup
    if isinstance(current, BaseContext) and getattr(type(current), bit):
AttributeError: type object 'RequestContext' has no attribute 'name'

During handling of the above exception, another exception occurred:

Traceback (most recent call last):
  File "/home/user/PycharmProjects/Exam_task/django_part/.env/lib/python3.5/site-packages/django/template/base.py", line 900, in _resolve_lookup
    current = current[int(bit)]
ValueError: invalid literal for int() with base 10: 'name'

During handling of the above exception, another exception occurred:

Traceback (most recent call last):
  File "/home/user/PycharmProjects/Exam_task/django_part/.env/lib/python3.5/site-packages/django/template/base.py", line 907, in _resolve_lookup
    (bit, current))  # missing attribute
django.template.base.VariableDoesNotExist: Failed lookup for key [name] in '[{\'None\': None, \'True\': True, \'False\': False}, {\'perms\': <django.contrib.auth.context_processors.PermWrapper object at 0x7f4db10e9cc0>, \'request\': <WSGIRequest: POST \'/api/api-auth/login/\'>, \'messages\': <django.contrib.messages.storage.fallback.FallbackStorage object at 0x7f4db10e4f28>, \'user\': <SimpleLazyObject: <function AuthenticationMiddleware.process_request.<locals>.<lambda> at 0x7f4db3bd6f28>>, \'csrf_token\': <SimpleLazyObject: <function csrf.<locals>._get_val at 0x7f4db31288c8>>, \'DEFAULT_MESSAGE_LEVELS\': {\'SUCCESS\': 25, \'WARNING\': 30, \'INFO\': 20, \'ERROR\': 40, \'DEBUG\': 10}}, {}, {\'site_name\': \'127.0.0.1:8000\', \'form\': <AuthenticationForm bound=True, valid=False, fields=(username;password)>, \'next\': \'\', \'site\': <django.contrib.sites.requests.RequestSite object at 0x7f4db338c860>}, {\'block\': <Block Node: head. Contents: [<TextNode: \'\\n\\n      \'>, <Block Node: meta. Contents: [<TextNode: \'\\n        <meta http-equiv\'>]>, <TextNode: \'\\n\\n      <title>\'>, <Block Node: title. Contents: [<IfNode>, <TextNode: \'Django REST framework\'>]>, <TextNode: \'</title>\\n\\n      \'>, <Block Node: style. Contents: [<TextNode: \'\\n        \'>, <Block Node: bootstrap_theme. Contents: [<TextNode: \'\\n          <link rel="sty\'>, <django.templatetags.static.StaticNode object at 0x7f4db3b73358>, <TextNode: \'"/>\\n          <link rel="\'>, <django.templatetags.static.StaticNode object at 0x7f4db3b73400>, <TextNode: \'"/>\\n        \'>]>, <TextNode: \'\\n\\n        <link rel="styl\'>, <django.templatetags.static.StaticNode object at 0x7f4db3b73470>, <TextNode: \'"/>\\n        <link rel="st\'>, <django.templatetags.static.StaticNode object at 0x7f4db3b73518>, <TextNode: \'"/>\\n      \'>]>, <TextNode: \'\\n\\n    \'>]>}, {\'block\': <Block Node: title. Contents: [<IfNode>, <TextNode: \'Django REST framework\'>]>}]'
basehttp.py [LINE:131]# INFO [2016-10-04 14:48:42,166] "POST /api/api-auth/login/ HTTP/1.1" 200 2973
utils.py [LINE:90]# DEBUG [2016-10-04 14:48:42,990] (0.001) INSERT INTO "finder_query" ("query", "author_id", "status") VALUES ('message2', 1, 0) RETURNING "finder_query"."id"; args=('message2', 1, 0)
utils.py [LINE:90]# DEBUG [2016-10-04 14:48:43,067] (0.002) SELECT "django_session"."session_key", "django_session"."session_data", "django_session"."expire_date" FROM "django_session" WHERE ("django_session"."session_key" = 'ec3uacgc0x2b41yqny53szu0pnmx1xt0' AND "django_session"."expire_date" > '2016-10-04T11:48:43.058777+00:00'::timestamptz); args=('ec3uacgc0x2b41yqny53szu0pnmx1xt0', datetime.datetime(2016, 10, 4, 11, 48, 43, 58777, tzinfo=<UTC>))
basehttp.py [LINE:131]# INFO [2016-10-04 14:48:43,094] "POST /api/query/ HTTP/1.1" 201 40
utils.py [LINE:90]# DEBUG [2016-10-04 14:48:43,096] (0.003) SELECT "auth_user"."id", "auth_user"."password", "auth_user"."last_login", "auth_user"."is_superuser", "auth_user"."username", "auth_user"."first_name", "auth_user"."last_name", "auth_user"."email", "auth_user"."is_staff", "auth_user"."is_active", "auth_user"."date_joined" FROM "auth_user" WHERE "auth_user"."id" = 1; args=(1,)
utils.py [LINE:90]# DEBUG [2016-10-04 14:48:43,111] (0.001) SELECT "finder_query"."id", "finder_query"."query", "finder_query"."author_id", "finder_query"."status" FROM "finder_query" WHERE ("finder_query"."author_id" = 1 AND "finder_query"."status" = 1) ORDER BY "finder_query"."query" ASC; args=(1, 1)
basehttp.py [LINE:131]# INFO [2016-10-04 14:48:43,124] "GET /api/query/?status=1 HTTP/1.1" 200 1070
utils.py [LINE:90]# DEBUG [2016-10-04 14:48:43,241] (0.001) SELECT "django_session"."session_key", "django_session"."session_data", "django_session"."expire_date" FROM "django_session" WHERE ("django_session"."session_key" = 'ec3uacgc0x2b41yqny53szu0pnmx1xt0' AND "django_session"."expire_date" > '2016-10-04T11:48:43.220700+00:00'::timestamptz); args=('ec3uacgc0x2b41yqny53szu0pnmx1xt0', datetime.datetime(2016, 10, 4, 11, 48, 43, 220700, tzinfo=<UTC>))
utils.py [LINE:90]# DEBUG [2016-10-04 14:48:43,252] (0.006) SELECT "auth_user"."id", "auth_user"."password", "auth_user"."last_login", "auth_user"."is_superuser", "auth_user"."username", "auth_user"."first_name", "auth_user"."last_name", "auth_user"."email", "auth_user"."is_staff", "auth_user"."is_active", "auth_user"."date_joined" FROM "auth_user" WHERE "auth_user"."id" = 1; args=(1,)
utils.py [LINE:90]# DEBUG [2016-10-04 14:48:43,283] (0.009) SELECT (1) AS "a" FROM "finder_query" WHERE "finder_query"."query" = 'message' LIMIT 1; args=('message',)
 base.py [LINE:929]# DEBUG [2016-10-04 14:48:43,513] Exception while resolving variable 'name' in template 'rest_framework/login.html'.
Traceback (most recent call last):
  File "/home/user/PycharmProjects/Exam_task/django_part/.env/lib/python3.5/site-packages/django/template/base.py", line 885, in _resolve_lookup
    current = current[bit]
  File "/home/user/PycharmProjects/Exam_task/django_part/.env/lib/python3.5/site-packages/django/template/context.py", line 75, in __getitem__
    raise KeyError(key)
KeyError: 'name'

During handling of the above exception, another exception occurred:

Traceback (most recent call last):
  File "/home/user/PycharmProjects/Exam_task/django_part/.env/lib/python3.5/site-packages/django/template/base.py", line 891, in _resolve_lookup
    if isinstance(current, BaseContext) and getattr(type(current), bit):
AttributeError: type object 'RequestContext' has no attribute 'name'

During handling of the above exception, another exception occurred:

Traceback (most recent call last):
  File "/home/user/PycharmProjects/Exam_task/django_part/.env/lib/python3.5/site-packages/django/template/base.py", line 900, in _resolve_lookup
    current = current[int(bit)]
ValueError: invalid literal for int() with base 10: 'name'

During handling of the above exception, another exception occurred:

Traceback (most recent call last):
  File "/home/user/PycharmProjects/Exam_task/django_part/.env/lib/python3.5/site-packages/django/template/base.py", line 907, in _resolve_lookup
    (bit, current))  # missing attribute
django.template.base.VariableDoesNotExist: Failed lookup for key [name] in '[{\'None\': None, \'True\': True, \'False\': False}, {\'perms\': <django.contrib.auth.context_processors.PermWrapper object at 0x7f4db3b89f60>, \'request\': <WSGIRequest: POST \'/api/api-auth/login/\'>, \'messages\': <django.contrib.messages.storage.fallback.FallbackStorage object at 0x7f4db3b78978>, \'user\': <SimpleLazyObject: <function AuthenticationMiddleware.process_request.<locals>.<lambda> at 0x7f4db3b9a840>>, \'csrf_token\': <SimpleLazyObject: <function csrf.<locals>._get_val at 0x7f4db3128620>>, \'DEFAULT_MESSAGE_LEVELS\': {\'SUCCESS\': 25, \'WARNING\': 30, \'INFO\': 20, \'ERROR\': 40, \'DEBUG\': 10}}, {}, {\'site_name\': \'127.0.0.1:8000\', \'form\': <AuthenticationForm bound=True, valid=False, fields=(username;password)>, \'next\': \'\', \'site\': <django.contrib.sites.requests.RequestSite object at 0x7f4db10e4898>}, {\'block\': <Block Node: head. Contents: [<TextNode: \'\\n\\n      \'>, <Block Node: meta. Contents: [<TextNode: \'\\n        <meta http-equiv\'>]>, <TextNode: \'\\n\\n      <title>\'>, <Block Node: title. Contents: [<IfNode>, <TextNode: \'Django REST framework\'>]>, <TextNode: \'</title>\\n\\n      \'>, <Block Node: style. Contents: [<TextNode: \'\\n        \'>, <Block Node: bootstrap_theme. Contents: [<TextNode: \'\\n          <link rel="sty\'>, <django.templatetags.static.StaticNode object at 0x7f4db10daeb8>, <TextNode: \'"/>\\n          <link rel="\'>, <django.templatetags.static.StaticNode object at 0x7f4db10d5d68>, <TextNode: \'"/>\\n        \'>]>, <TextNode: \'\\n\\n        <link rel="styl\'>, <django.templatetags.static.StaticNode object at 0x7f4db10d5a58>, <TextNode: \'"/>\\n        <link rel="st\'>, <django.templatetags.static.StaticNode object at 0x7f4db10d5400>, <TextNode: \'"/>\\n      \'>]>, <TextNode: \'\\n\\n    \'>]>}, {\'block\': <Block Node: title. Contents: [<IfNode>, <TextNode: \'Django REST framework\'>]>}]'
basehttp.py [LINE:131]# INFO [2016-10-04 14:48:43,575] "POST /api/api-auth/login/ HTTP/1.1" 200 2973
utils.py [LINE:90]# DEBUG [2016-10-04 14:48:43,579] (0.003) SELECT "django_session"."session_key", "django_session"."session_data", "django_session"."expire_date" FROM "django_session" WHERE ("django_session"."session_key" = 'ec3uacgc0x2b41yqny53szu0pnmx1xt0' AND "django_session"."expire_date" > '2016-10-04T11:48:43.546871+00:00'::timestamptz); args=('ec3uacgc0x2b41yqny53szu0pnmx1xt0', datetime.datetime(2016, 10, 4, 11, 48, 43, 546871, tzinfo=<UTC>))
utils.py [LINE:90]# DEBUG [2016-10-04 14:48:43,585] (0.002) SELECT "auth_user"."id", "auth_user"."password", "auth_user"."last_login", "auth_user"."is_superuser", "auth_user"."username", "auth_user"."first_name", "auth_user"."last_name", "auth_user"."email", "auth_user"."is_staff", "auth_user"."is_active", "auth_user"."date_joined" FROM "auth_user" WHERE "auth_user"."id" = 1; args=(1,)
utils.py [LINE:90]# DEBUG [2016-10-04 14:48:43,597] (0.001) SELECT "finder_query"."id", "finder_query"."query", "finder_query"."author_id", "finder_query"."status" FROM "finder_query" WHERE ("finder_query"."author_id" = 1 AND "finder_query"."status" = 1) ORDER BY "finder_query"."query" ASC; args=(1, 1)
basehttp.py [LINE:131]# INFO [2016-10-04 14:48:43,608] "GET /api/query/?status=1 HTTP/1.1" 200 1070
utils.py [LINE:90]# DEBUG [2016-10-04 14:48:44,030] (0.009) INSERT INTO "finder_query" ("query", "author_id", "status") VALUES ('message', 1, 0) RETURNING "finder_query"."id"; args=('message', 1, 0)
basehttp.py [LINE:131]# INFO [2016-10-04 14:48:44,103] "POST /api/query/ HTTP/1.1" 201 39
utils.py [LINE:90]# DEBUG [2016-10-04 14:48:47,579] (0.001) SELECT "django_session"."session_key", "django_session"."session_data", "django_session"."expire_date" FROM "django_session" WHERE ("django_session"."session_key" = 'ec3uacgc0x2b41yqny53szu0pnmx1xt0' AND "django_session"."expire_date" > '2016-10-04T11:48:47.569092+00:00'::timestamptz); args=('ec3uacgc0x2b41yqny53szu0pnmx1xt0', datetime.datetime(2016, 10, 4, 11, 48, 47, 569092, tzinfo=<UTC>))
utils.py [LINE:90]# DEBUG [2016-10-04 14:48:47,594] (0.011) SELECT "django_session"."session_key", "django_session"."session_data", "django_session"."expire_date" FROM "django_session" WHERE ("django_session"."session_key" = 'ec3uacgc0x2b41yqny53szu0pnmx1xt0' AND "django_session"."expire_date" > '2016-10-04T11:48:47.567307+00:00'::timestamptz); args=('ec3uacgc0x2b41yqny53szu0pnmx1xt0', datetime.datetime(2016, 10, 4, 11, 48, 47, 567307, tzinfo=<UTC>))
utils.py [LINE:90]# DEBUG [2016-10-04 14:48:47,600] (0.016) SELECT "auth_user"."id", "auth_user"."password", "auth_user"."last_login", "auth_user"."is_superuser", "auth_user"."username", "auth_user"."first_name", "auth_user"."last_name", "auth_user"."email", "auth_user"."is_staff", "auth_user"."is_active", "auth_user"."date_joined" FROM "auth_user" WHERE "auth_user"."id" = 1; args=(1,)
utils.py [LINE:90]# DEBUG [2016-10-04 14:48:47,612] (0.012) SELECT "auth_user"."id", "auth_user"."password", "auth_user"."last_login", "auth_user"."is_superuser", "auth_user"."username", "auth_user"."first_name", "auth_user"."last_name", "auth_user"."email", "auth_user"."is_staff", "auth_user"."is_active", "auth_user"."date_joined" FROM "auth_user" WHERE "auth_user"."id" = 1; args=(1,)
utils.py [LINE:90]# DEBUG [2016-10-04 14:48:47,616] (0.006) SELECT "finder_result"."id", "finder_result"."query_id", "finder_result"."url", "finder_result"."spider", "finder_result"."date", "finder_result"."rang" FROM "finder_result" INNER JOIN "finder_query" ON ("finder_result"."query_id" = "finder_query"."id") WHERE "finder_query"."query" = 'message2' ORDER BY "finder_result"."rang" ASC; args=('message2',)
basehttp.py [LINE:131]# INFO [2016-10-04 14:48:47,628] "GET /%7B%7B%20item.url%20%7D%7D HTTP/1.1" 200 2907
basehttp.py [LINE:131]# INFO [2016-10-04 14:48:47,656] "GET /api/result/?query__query=message2 HTTP/1.1" 200 11704
utils.py [LINE:90]# DEBUG [2016-10-04 14:48:49,299] (0.002) SELECT "django_session"."session_key", "django_session"."session_data", "django_session"."expire_date" FROM "django_session" WHERE ("django_session"."session_key" = 'ec3uacgc0x2b41yqny53szu0pnmx1xt0' AND "django_session"."expire_date" > '2016-10-04T11:48:49.290290+00:00'::timestamptz); args=('ec3uacgc0x2b41yqny53szu0pnmx1xt0', datetime.datetime(2016, 10, 4, 11, 48, 49, 290290, tzinfo=<UTC>))
utils.py [LINE:90]# DEBUG [2016-10-04 14:48:49,318] (0.009) SELECT "auth_user"."id", "auth_user"."password", "auth_user"."last_login", "auth_user"."is_superuser", "auth_user"."username", "auth_user"."first_name", "auth_user"."last_name", "auth_user"."email", "auth_user"."is_staff", "auth_user"."is_active", "auth_user"."date_joined" FROM "auth_user" WHERE "auth_user"."id" = 1; args=(1,)
utils.py [LINE:90]# DEBUG [2016-10-04 14:48:49,350] (0.003) SELECT "finder_result"."id", "finder_result"."query_id", "finder_result"."url", "finder_result"."spider", "finder_result"."date", "finder_result"."rang" FROM "finder_result" INNER JOIN "finder_query" ON ("finder_result"."query_id" = "finder_query"."id") WHERE "finder_query"."query" = 'message' ORDER BY "finder_result"."rang" ASC; args=('message',)
utils.py [LINE:90]# DEBUG [2016-10-04 14:48:49,356] (0.007) SELECT "django_session"."session_key", "django_session"."session_data", "django_session"."expire_date" FROM "django_session" WHERE ("django_session"."session_key" = 'ec3uacgc0x2b41yqny53szu0pnmx1xt0' AND "django_session"."expire_date" > '2016-10-04T11:48:49.316733+00:00'::timestamptz); args=('ec3uacgc0x2b41yqny53szu0pnmx1xt0', datetime.datetime(2016, 10, 4, 11, 48, 49, 316733, tzinfo=<UTC>))
utils.py [LINE:90]# DEBUG [2016-10-04 14:48:49,381] (0.006) SELECT "auth_user"."id", "auth_user"."password", "auth_user"."last_login", "auth_user"."is_superuser", "auth_user"."username", "auth_user"."first_name", "auth_user"."last_name", "auth_user"."email", "auth_user"."is_staff", "auth_user"."is_active", "auth_user"."date_joined" FROM "auth_user" WHERE "auth_user"."id" = 1; args=(1,)
basehttp.py [LINE:131]# INFO [2016-10-04 14:48:49,385] "GET /%7B%7B%20item.url%20%7D%7D HTTP/1.1" 200 2907
basehttp.py [LINE:131]# INFO [2016-10-04 14:48:49,418] "GET /api/result/?query__query=message HTTP/1.1" 200 13225
basehttp.py [LINE:131]# INFO [2016-10-04 14:49:13,046] "GET /download/ff51ddfabb180148583ba6ac23483acd2d049e7c4fdba6a891419320 HTTP/1.1" 200 336050
basehttp.py [LINE:131]# INFO [2016-10-04 14:49:19,754] "GET /download/419d4b0af403351fb0bf62eb1ac961c6fba3a24a32243d3eee73e716 HTTP/1.1" 200 0
basehttp.py [LINE:131]# INFO [2016-10-04 14:49:22,629] "GET /download/419d4b0af403351fb0bf62eb1ac961c6fba3a24a32243d3eee73e716 HTTP/1.1" 200 222984
basehttp.py [LINE:131]# INFO [2016-10-04 14:49:38,382] "GET /download/419d4b0af403351fb0bf62eb1ac961c6fba3a24a32243d3eee73e716 HTTP/1.1" 200 222984
basehttp.py [LINE:131]# INFO [2016-10-04 14:49:58,630] "GET /download/ff51ddfabb180148583ba6ac23483acd2d049e7c4fdba6a891419320 HTTP/1.1" 200 336050
utils.py [LINE:90]# DEBUG [2016-10-04 14:50:28,319] (0.002) SELECT "django_session"."session_key", "django_session"."session_data", "django_session"."expire_date" FROM "django_session" WHERE ("django_session"."session_key" = 'ec3uacgc0x2b41yqny53szu0pnmx1xt0' AND "django_session"."expire_date" > '2016-10-04T11:50:28.295225+00:00'::timestamptz); args=('ec3uacgc0x2b41yqny53szu0pnmx1xt0', datetime.datetime(2016, 10, 4, 11, 50, 28, 295225, tzinfo=<UTC>))
utils.py [LINE:90]# DEBUG [2016-10-04 14:50:28,327] (0.001) SELECT "auth_user"."id", "auth_user"."password", "auth_user"."last_login", "auth_user"."is_superuser", "auth_user"."username", "auth_user"."first_name", "auth_user"."last_name", "auth_user"."email", "auth_user"."is_staff", "auth_user"."is_active", "auth_user"."date_joined" FROM "auth_user" WHERE "auth_user"."id" = 1; args=(1,)
utils.py [LINE:90]# DEBUG [2016-10-04 14:50:28,344] (0.001) SELECT "finder_query"."id", "finder_query"."query", "finder_query"."author_id", "finder_query"."status" FROM "finder_query" WHERE ("finder_query"."author_id" = 1 AND "finder_query"."status" = 1) ORDER BY "finder_query"."query" ASC; args=(1, 1)
basehttp.py [LINE:131]# INFO [2016-10-04 14:50:28,357] "GET /api/query/?status=1 HTTP/1.1" 200 1151
